2013/09/06 17:35:11 - System.Data.SqlClient.SqlException (0x80131904): Procedure or function 'spUpdateWhoWon' expects parameter '@intGameOutcomeID', which was not supplied.
   at System.Data.SqlClient.SqlConnection.OnError(SqlException exception, Boolean breakConnection, Action`1 wrapCloseInAction)
   at System.Data.SqlClient.TdsParser.ThrowExceptionAndWarning(TdsParserStateObject stateObj, Boolean callerHasConnectionLock, Boolean asyncClose)
   at System.Data.SqlClient.TdsParser.TryRun(RunBehavior runBehavior, SqlCommand cmdHandler, SqlDataReader dataStream, BulkCopySimpleResultSet bulkCopyHandler, TdsParserStateObject stateObj, Boolean& dataReady)
   at System.Data.SqlClient.SqlDataReader.TryConsumeMetaData()
   at System.Data.SqlClient.SqlDataReader.get_MetaData()
   at System.Data.SqlClient.SqlCommand.FinishExecuteReader(SqlDataReader ds, RunBehavior runBehavior, String resetOptionsString)
   at System.Data.SqlClient.SqlCommand.RunExecuteReaderTds(CommandBehavior cmdBehavior, RunBehavior runBehavior, Boolean returnStream, Boolean async, Int32 timeout, Task& task, Boolean asyncWrite)
   at System.Data.SqlClient.SqlCommand.RunExecuteReader(CommandBehavior cmdBehavior, RunBehavior runBehavior, Boolean returnStream, String method, TaskCompletionSource`1 completion, Int32 timeout, Task& task, Boolean asyncWrite)
   at System.Data.SqlClient.SqlCommand.RunExecuteReader(CommandBehavior cmdBehavior, RunBehavior runBehavior, Boolean returnStream, String method)
   at System.Data.SqlClient.SqlCommand.ExecuteReader(CommandBehavior behavior, String method)
   at System.Data.SqlClient.SqlCommand.ExecuteDbDataReader(CommandBehavior behavior)
   at System.Data.Common.DbCommand.System.Data.IDbCommand.ExecuteReader(CommandBehavior behavior)
   at System.Data.Common.DbDataAdapter.FillInternal(DataSet dataset, DataTable[] datatables, Int32 startRecord, Int32 maxRecords, String srcTable, IDbCommand command, CommandBehavior behavior)
   at System.Data.Common.DbDataAdapter.Fill(DataTable[] dataTables, Int32 startRecord, Int32 maxRecords, IDbCommand command, CommandBehavior behavior)
   at System.Data.Common.DbDataAdapter.Fill(DataTable dataTable)
   at TicTacToe.CDatabaseUtilites.RunStoredProcedure(String strStoredProcedure, CParameterCollection& colParameters) in C:\SD\Dropbox\School\13SU\Captstone\TicTacToe\Classes\CDatabaseUtilites.vb:line 105
ClientConnectionId:c107590d-8579-457d-921a-f87cb47febe6
2013/09/06 18:18:10 - System.NullReferenceException: Object reference not set to an instance of an object.
   at TicTacToe.CDatabaseUtilites.AddParametersToCommand(SqlCommand& cmdCommand, CParameterCollection& colParameters) in C:\SD\Dropbox\School\13SU\Captstone\TicTacToe\Classes\CDatabaseUtilites.vb:line 129
2013/09/06 18:18:12 - System.NullReferenceException: Object reference not set to an instance of an object.
   at TicTacToe.CDatabaseUtilites.RunStoredProcedure(String strStoredProcedure, CParameterCollection& colParameters) in C:\SD\Dropbox\School\13SU\Captstone\TicTacToe\Classes\CDatabaseUtilites.vb:line 107
2013/09/06 18:23:14 - System.InvalidCastException: Conversion from string "vdf(9/6/2013 6:23:01 PM)" to type 'Integer' is not valid. ---> System.FormatException: Input string was not in a correct format.
   at Microsoft.VisualBasic.CompilerServices.Conversions.ParseDouble(String Value, NumberFormatInfo NumberFormat)
   at Microsoft.VisualBasic.CompilerServices.Conversions.ToInteger(String Value)
   --- End of inner exception stack trace ---
   at Microsoft.VisualBasic.CompilerServices.Conversions.ToInteger(String Value)
   at TicTacToe.CListItem.SetName(String strName) in C:\SD\Dropbox\School\13SU\Captstone\TicTacToe\Classes\CListItem.vb:line 48
2013/09/06 18:23:16 - System.InvalidCastException: Conversion from string "gfdf(9/6/2013 6:20:06 PM)" to type 'Integer' is not valid. ---> System.FormatException: Input string was not in a correct format.
   at Microsoft.VisualBasic.CompilerServices.Conversions.ParseDouble(String Value, NumberFormatInfo NumberFormat)
   at Microsoft.VisualBasic.CompilerServices.Conversions.ToInteger(String Value)
   --- End of inner exception stack trace ---
   at Microsoft.VisualBasic.CompilerServices.Conversions.ToInteger(String Value)
   at TicTacToe.CListItem.SetName(String strName) in C:\SD\Dropbox\School\13SU\Captstone\TicTacToe\Classes\CListItem.vb:line 48
