2013/08/07 20:39:38 - System.FormatException: Failed to convert parameter value from a String to a Int64. ---> System.FormatException: Input string was not in a correct format.
   at System.Number.StringToNumber(String str, NumberStyles options, NumberBuffer& number, NumberFormatInfo info, Boolean parseDecimal)
   at System.Number.ParseInt64(String value, NumberStyles options, NumberFormatInfo numfmt)
   at System.Convert.ChangeType(Object value, Type conversionType, IFormatProvider provider)
   at System.Data.SqlClient.SqlParameter.CoerceValue(Object value, MetaType destinationType, Boolean& coercedToDataFeed, Boolean& typeChanged, Boolean allowStreaming)
   --- End of inner exception stack trace ---
   at System.Data.SqlClient.SqlParameter.CoerceValue(Object value, MetaType destinationType, Boolean& coercedToDataFeed, Boolean& typeChanged, Boolean allowStreaming)
   at System.Data.SqlClient.SqlParameter.GetCoercedValue()
   at System.Data.SqlClient.SqlParameter.Validate(Int32 index, Boolean isCommandProc)
   at System.Data.SqlClient.SqlCommand.BuildParamList(TdsParser parser, SqlParameterCollection parameters)
   at System.Data.SqlClient.SqlCommand.BuildExecuteSql(CommandBehavior behavior, String commandText, SqlParameterCollection parameters, _SqlRPC& rpc)
   at System.Data.SqlClient.SqlCommand.RunExecuteReaderTds(CommandBehavior cmdBehavior, RunBehavior runBehavior, Boolean returnStream, Boolean async, Int32 timeout, Task& task, Boolean asyncWrite)
   at System.Data.SqlClient.SqlCommand.RunExecuteReader(CommandBehavior cmdBehavior, RunBehavior runBehavior, Boolean returnStream, String method, TaskCompletionSource`1 completion, Int32 timeout, Task& task, Boolean asyncWrite)
   at System.Data.SqlClient.SqlCommand.RunExecuteReader(CommandBehavior cmdBehavior, RunBehavior runBehavior, Boolean returnStream, String method)
   at System.Data.SqlClient.SqlCommand.ExecuteReader(CommandBehavior behavior, String method)
   at System.Data.SqlClient.SqlCommand.ExecuteDbDataReader(CommandBehavior behavior)
   at System.Data.Common.DbCommand.System.Data.IDbCommand.ExecuteReader(CommandBehavior behavior)
   at System.Data.Common.DbDataAdapter.FillInternal(DataSet dataset, DataTable[] datatables, Int32 startRecord, Int32 maxRecords, String srcTable, IDbCommand command, CommandBehavior behavior)
   at System.Data.Common.DbDataAdapter.Fill(DataTable[] dataTables, Int32 startRecord, Int32 maxRecords, IDbCommand command, CommandBehavior behavior)
   at System.Data.Common.DbDataAdapter.Fill(DataTable dataTable)
   at TicTacToe.CDatabaseUtilites.RunStoredProcedure(String strStoredProcedure, CParameterCollection& colParameters) in Z:\Dropbox\School\13SU\Captstone\TicTacToe\Classes\CDatabaseUtilites.vb:line 105
2013/08/07 20:48:36 - System.FormatException: Failed to convert parameter value from a String to a Int64. ---> System.FormatException: Input string was not in a correct format.
   at System.Number.StringToNumber(String str, NumberStyles options, NumberBuffer& number, NumberFormatInfo info, Boolean parseDecimal)
   at System.Number.ParseInt64(String value, NumberStyles options, NumberFormatInfo numfmt)
   at System.Convert.ChangeType(Object value, Type conversionType, IFormatProvider provider)
   at System.Data.SqlClient.SqlParameter.CoerceValue(Object value, MetaType destinationType, Boolean& coercedToDataFeed, Boolean& typeChanged, Boolean allowStreaming)
   --- End of inner exception stack trace ---
   at System.Data.SqlClient.SqlParameter.CoerceValue(Object value, MetaType destinationType, Boolean& coercedToDataFeed, Boolean& typeChanged, Boolean allowStreaming)
   at System.Data.SqlClient.SqlParameter.GetCoercedValue()
   at System.Data.SqlClient.SqlParameter.Validate(Int32 index, Boolean isCommandProc)
   at System.Data.SqlClient.SqlCommand.SetUpRPCParameters(_SqlRPC rpc, Int32 startCount, Boolean inSchema, SqlParameterCollection parameters)
   at System.Data.SqlClient.SqlCommand.BuildRPC(Boolean inSchema, SqlParameterCollection parameters, _SqlRPC& rpc)
   at System.Data.SqlClient.SqlCommand.RunExecuteReaderTds(CommandBehavior cmdBehavior, RunBehavior runBehavior, Boolean returnStream, Boolean async, Int32 timeout, Task& task, Boolean asyncWrite)
   at System.Data.SqlClient.SqlCommand.RunExecuteReader(CommandBehavior cmdBehavior, RunBehavior runBehavior, Boolean returnStream, String method, TaskCompletionSource`1 completion, Int32 timeout, Task& task, Boolean asyncWrite)
   at System.Data.SqlClient.SqlCommand.RunExecuteReader(CommandBehavior cmdBehavior, RunBehavior runBehavior, Boolean returnStream, String method)
   at System.Data.SqlClient.SqlCommand.ExecuteReader(CommandBehavior behavior, String method)
   at System.Data.SqlClient.SqlCommand.ExecuteDbDataReader(CommandBehavior behavior)
   at System.Data.Common.DbCommand.System.Data.IDbCommand.ExecuteReader(CommandBehavior behavior)
   at System.Data.Common.DbDataAdapter.FillInternal(DataSet dataset, DataTable[] datatables, Int32 startRecord, Int32 maxRecords, String srcTable, IDbCommand command, CommandBehavior behavior)
   at System.Data.Common.DbDataAdapter.Fill(DataTable[] dataTables, Int32 startRecord, Int32 maxRecords, IDbCommand command, CommandBehavior behavior)
   at System.Data.Common.DbDataAdapter.Fill(DataTable dataTable)
   at TicTacToe.CDatabaseUtilites.RunStoredProcedure(String strStoredProcedure, CParameterCollection& colParameters) in Z:\Dropbox\School\13SU\Captstone\TicTacToe\Classes\CDatabaseUtilites.vb:line 105
2013/08/07 21:02:04 - System.FormatException: Failed to convert parameter value from a String to a Int64. ---> System.FormatException: Input string was not in a correct format.
   at System.Number.StringToNumber(String str, NumberStyles options, NumberBuffer& number, NumberFormatInfo info, Boolean parseDecimal)
   at System.Number.ParseInt64(String value, NumberStyles options, NumberFormatInfo numfmt)
   at System.Convert.ChangeType(Object value, Type conversionType, IFormatProvider provider)
   at System.Data.SqlClient.SqlParameter.CoerceValue(Object value, MetaType destinationType, Boolean& coercedToDataFeed, Boolean& typeChanged, Boolean allowStreaming)
   --- End of inner exception stack trace ---
   at System.Data.SqlClient.SqlParameter.CoerceValue(Object value, MetaType destinationType, Boolean& coercedToDataFeed, Boolean& typeChanged, Boolean allowStreaming)
   at System.Data.SqlClient.SqlParameter.GetCoercedValue()
   at System.Data.SqlClient.SqlParameter.Validate(Int32 index, Boolean isCommandProc)
   at System.Data.SqlClient.SqlCommand.SetUpRPCParameters(_SqlRPC rpc, Int32 startCount, Boolean inSchema, SqlParameterCollection parameters)
   at System.Data.SqlClient.SqlCommand.BuildRPC(Boolean inSchema, SqlParameterCollection parameters, _SqlRPC& rpc)
   at System.Data.SqlClient.SqlCommand.RunExecuteReaderTds(CommandBehavior cmdBehavior, RunBehavior runBehavior, Boolean returnStream, Boolean async, Int32 timeout, Task& task, Boolean asyncWrite)
   at System.Data.SqlClient.SqlCommand.RunExecuteReader(CommandBehavior cmdBehavior, RunBehavior runBehavior, Boolean returnStream, String method, TaskCompletionSource`1 completion, Int32 timeout, Task& task, Boolean asyncWrite)
   at System.Data.SqlClient.SqlCommand.RunExecuteReader(CommandBehavior cmdBehavior, RunBehavior runBehavior, Boolean returnStream, String method)
   at System.Data.SqlClient.SqlCommand.ExecuteReader(CommandBehavior behavior, String method)
   at System.Data.SqlClient.SqlCommand.ExecuteDbDataReader(CommandBehavior behavior)
   at System.Data.Common.DbCommand.System.Data.IDbCommand.ExecuteReader(CommandBehavior behavior)
   at System.Data.Common.DbDataAdapter.FillInternal(DataSet dataset, DataTable[] datatables, Int32 startRecord, Int32 maxRecords, String srcTable, IDbCommand command, CommandBehavior behavior)
   at System.Data.Common.DbDataAdapter.Fill(DataTable[] dataTables, Int32 startRecord, Int32 maxRecords, IDbCommand command, CommandBehavior behavior)
   at System.Data.Common.DbDataAdapter.Fill(DataTable dataTable)
   at TicTacToe.CDatabaseUtilites.RunStoredProcedure(String strStoredProcedure, CParameterCollection& colParameters) in Z:\Dropbox\School\13SU\Captstone\TicTacToe\Classes\CDatabaseUtilites.vb:line 105
2013/08/07 21:04:46 - System.InvalidCastException: Conversion from type 'SqlBoolean' to type 'Boolean' is not valid.
   at Microsoft.VisualBasic.CompilerServices.Conversions.ToBoolean(Object Value)
   at TicTacToe.CParameter.ReturnParameter() in Z:\Dropbox\School\13SU\Captstone\TicTacToe\Classes\CParameter.vb:line 82
2013/08/07 21:04:47 - System.InvalidCastException: Conversion from type 'SqlInt32' to type 'Integer' is not valid.
   at Microsoft.VisualBasic.CompilerServices.Conversions.ToInteger(Object Value)
   at TicTacToe.CParameter.ReturnParameter() in Z:\Dropbox\School\13SU\Captstone\TicTacToe\Classes\CParameter.vb:line 72
2013/08/07 21:11:16 - System.FormatException: Failed to convert parameter value from a String to a Int64. ---> System.FormatException: Input string was not in a correct format.
   at System.Number.StringToNumber(String str, NumberStyles options, NumberBuffer& number, NumberFormatInfo info, Boolean parseDecimal)
   at System.Number.ParseInt64(String value, NumberStyles options, NumberFormatInfo numfmt)
   at System.Convert.ChangeType(Object value, Type conversionType, IFormatProvider provider)
   at System.Data.SqlClient.SqlParameter.CoerceValue(Object value, MetaType destinationType, Boolean& coercedToDataFeed, Boolean& typeChanged, Boolean allowStreaming)
   --- End of inner exception stack trace ---
   at System.Data.SqlClient.SqlParameter.CoerceValue(Object value, MetaType destinationType, Boolean& coercedToDataFeed, Boolean& typeChanged, Boolean allowStreaming)
   at System.Data.SqlClient.SqlParameter.GetCoercedValue()
   at System.Data.SqlClient.SqlParameter.Validate(Int32 index, Boolean isCommandProc)
   at System.Data.SqlClient.SqlCommand.SetUpRPCParameters(_SqlRPC rpc, Int32 startCount, Boolean inSchema, SqlParameterCollection parameters)
   at System.Data.SqlClient.SqlCommand.BuildRPC(Boolean inSchema, SqlParameterCollection parameters, _SqlRPC& rpc)
   at System.Data.SqlClient.SqlCommand.RunExecuteReaderTds(CommandBehavior cmdBehavior, RunBehavior runBehavior, Boolean returnStream, Boolean async, Int32 timeout, Task& task, Boolean asyncWrite)
   at System.Data.SqlClient.SqlCommand.RunExecuteReader(CommandBehavior cmdBehavior, RunBehavior runBehavior, Boolean returnStream, String method, TaskCompletionSource`1 completion, Int32 timeout, Task& task, Boolean asyncWrite)
   at System.Data.SqlClient.SqlCommand.RunExecuteReader(CommandBehavior cmdBehavior, RunBehavior runBehavior, Boolean returnStream, String method)
   at System.Data.SqlClient.SqlCommand.ExecuteReader(CommandBehavior behavior, String method)
   at System.Data.SqlClient.SqlCommand.ExecuteDbDataReader(CommandBehavior behavior)
   at System.Data.Common.DbCommand.System.Data.IDbCommand.ExecuteReader(CommandBehavior behavior)
   at System.Data.Common.DbDataAdapter.FillInternal(DataSet dataset, DataTable[] datatables, Int32 startRecord, Int32 maxRecords, String srcTable, IDbCommand command, CommandBehavior behavior)
   at System.Data.Common.DbDataAdapter.Fill(DataTable[] dataTables, Int32 startRecord, Int32 maxRecords, IDbCommand command, CommandBehavior behavior)
   at System.Data.Common.DbDataAdapter.Fill(DataTable dataTable)
   at TicTacToe.CDatabaseUtilites.RunStoredProcedure(String strStoredProcedure, CParameterCollection& colParameters) in Z:\Dropbox\School\13SU\Captstone\TicTacToe\Classes\CDatabaseUtilites.vb:line 105
